# JRE version: Java(TM) SE Runtime Environment (17.0.11+7) (build 17.0.11+7-LTS-207)
# Java VM: Java HotSpot(TM) 64-Bit Server VM (17.0.11+7-LTS-207, mixed mode, emulated-client, sharing, tiered, compressed oops, compressed class ptrs, g1 gc, windows-amd64)
GC Precious Log:
 CPUs: 32 total, 32 available
 Memory: 48832M
 Large Page Support: Disabled
 NUMA Support: Disabled
 Compressed Oops: Enabled (Zero based)
 Heap Region Size: 8M
 Heap Min Capacity: 8M
 Heap Initial Capacity: 768M
 Heap Max Capacity: 12216M
 Pre-touch: Disabled
 Parallel Workers: 23
 Concurrent Workers: 6
 Concurrent Refinement Workers: 23
 Periodic GC: Disabled
Heap:
 garbage-first heap   total 466944K, used 296839K [0x0000000504800000, 0x0000000800000000)
  region size 8192K, 27 young (221184K), 3 survivors (24576K)
 Metaspace       used 113545K, committed 114176K, reserved 1179648K
  class space    used 13937K, committed 14272K, reserved 1048576K
GC Heap History (20 events):
Event: 4.031 GC heap before
{Heap before GC invocations=20 (full 0):
 garbage-first heap   total 196608K, used 144655K [0x0000000504800000, 0x0000000800000000)
  region size 8192K, 12 young (98304K), 1 survivors (8192K)
 Metaspace       used 68441K, committed 68864K, reserved 1114112K
  class space    used 8869K, committed 9088K, reserved 1048576K
}
Event: 4.033 GC heap after
{Heap after GC invocations=21 (full 0):
 garbage-first heap   total 385024K, used 55859K [0x0000000504800000, 0x0000000800000000)
  region size 8192K, 1 young (8192K), 1 survivors (8192K)
 Metaspace       used 68441K, committed 68864K, reserved 1114112K
  class space    used 8869K, committed 9088K, reserved 1048576K
}
Event: 4.207 GC heap before
{Heap before GC invocations=21 (full 0):
 garbage-first heap   total 385024K, used 277043K [0x0000000504800000, 0x0000000800000000)
  region size 8192K, 28 young (229376K), 1 survivors (8192K)
 Metaspace       used 68673K, committed 69120K, reserved 1114112K
  class space    used 8886K, committed 9088K, reserved 1048576K
}
Event: 4.209 GC heap after
{Heap after GC invocations=22 (full 0):
 garbage-first heap   total 385024K, used 59673K [0x0000000504800000, 0x0000000800000000)
  region size 8192K, 2 young (16384K), 2 survivors (16384K)
 Metaspace       used 68673K, committed 69120K, reserved 1114112K
  class space    used 8886K, committed 9088K, reserved 1048576K
}
Event: 4.774 GC heap before
{Heap before GC invocations=22 (full 0):
 garbage-first heap   total 385024K, used 272665K [0x0000000504800000, 0x0000000800000000)
  region size 8192K, 28 young (229376K), 2 survivors (16384K)
 Metaspace       used 71749K, committed 72128K, reserved 1114112K
  class space    used 9141K, committed 9344K, reserved 1048576K
}
Event: 4.778 GC heap after
{Heap after GC invocations=23 (full 0):
 garbage-first heap   total 385024K, used 66436K [0x0000000504800000, 0x0000000800000000)
  region size 8192K, 2 young (16384K), 2 survivors (16384K)
 Metaspace       used 71749K, committed 72128K, reserved 1114112K
  class space    used 9141K, committed 9344K, reserved 1048576K
}
Event: 5.329 GC heap before
{Heap before GC invocations=23 (full 0):
 garbage-first heap   total 385024K, used 279428K [0x0000000504800000, 0x0000000800000000)
  region size 8192K, 28 young (229376K), 2 survivors (16384K)
 Metaspace       used 75873K, committed 76288K, reserved 1179648K
  class space    used 9490K, committed 9728K, reserved 1048576K
}
Event: 5.333 GC heap after
{Heap after GC invocations=24 (full 0):
 garbage-first heap   total 385024K, used 72939K [0x0000000504800000, 0x0000000800000000)
  region size 8192K, 3 young (24576K), 3 survivors (24576K)
 Metaspace       used 75873K, committed 76288K, reserved 1179648K
  class space    used 9490K, committed 9728K, reserved 1048576K
}
Event: 5.811 GC heap before
{Heap before GC invocations=24 (full 0):
 garbage-first heap   total 385024K, used 277739K [0x0000000504800000, 0x0000000800000000)
  region size 8192K, 28 young (229376K), 3 survivors (24576K)
 Metaspace       used 78423K, committed 78912K, reserved 1179648K
  class space    used 9601K, committed 9856K, reserved 1048576K
}
Event: 5.815 GC heap after
{Heap after GC invocations=25 (full 0):
 garbage-first heap   total 385024K, used 79103K [0x0000000504800000, 0x0000000800000000)
  region size 8192K, 3 young (24576K), 3 survivors (24576K)
 Metaspace       used 78423K, committed 78912K, reserved 1179648K
  class space    used 9601K, committed 9856K, reserved 1048576K
}
Event: 6.254 GC heap before
{Heap before GC invocations=25 (full 0):
 garbage-first heap   total 385024K, used 283903K [0x0000000504800000, 0x0000000800000000)
  region size 8192K, 28 young (229376K), 3 survivors (24576K)
 Metaspace       used 81074K, committed 81536K, reserved 1179648K
  class space    used 9746K, committed 9984K, reserved 1048576K
}
Event: 6.258 GC heap after
{Heap after GC invocations=26 (full 0):
 garbage-first heap   total 385024K, used 85635K [0x0000000504800000, 0x0000000800000000)
  region size 8192K, 3 young (24576K), 3 survivors (24576K)
 Metaspace       used 81074K, committed 81536K, reserved 1179648K
  class space    used 9746K, committed 9984K, reserved 1048576K
}
Event: 6.716 GC heap before
{Heap before GC invocations=26 (full 0):
 garbage-first heap   total 385024K, used 290435K [0x0000000504800000, 0x0000000800000000)
  region size 8192K, 28 young (229376K), 3 survivors (24576K)
 Metaspace       used 84347K, committed 84864K, reserved 1179648K
  class space    used 9962K, committed 10240K, reserved 1048576K
}
Event: 6.721 GC heap after
{Heap after GC invocations=27 (full 0):
 garbage-first heap   total 385024K, used 93373K [0x0000000504800000, 0x0000000800000000)
  region size 8192K, 3 young (24576K), 3 survivors (24576K)
 Metaspace       used 84347K, committed 84864K, reserved 1179648K
  class space    used 9962K, committed 10240K, reserved 1048576K
}
Event: 7.481 GC heap before
{Heap before GC invocations=27 (full 0):
 garbage-first heap   total 385024K, used 298173K [0x0000000504800000, 0x0000000800000000)
  region size 8192K, 28 young (229376K), 3 survivors (24576K)
 Metaspace       used 92831K, committed 93376K, reserved 1179648K
  class space    used 11059K, committed 11328K, reserved 1048576K
}
Event: 7.488 GC heap after
{Heap after GC invocations=28 (full 0):
 garbage-first heap   total 466944K, used 103029K [0x0000000504800000, 0x0000000800000000)
  region size 8192K, 3 young (24576K), 3 survivors (24576K)
 Metaspace       used 92831K, committed 93376K, reserved 1179648K
  class space    used 11059K, committed 11328K, reserved 1048576K
}
Event: 8.042 GC heap before
{Heap before GC invocations=28 (full 0):
 garbage-first heap   total 466944K, used 356981K [0x0000000504800000, 0x0000000800000000)
  region size 8192K, 34 young (278528K), 3 survivors (24576K)
 Metaspace       used 96243K, committed 96832K, reserved 1179648K
  class space    used 11578K, committed 11904K, reserved 1048576K
}
Event: 8.050 GC heap after
{Heap after GC invocations=29 (full 0):
 garbage-first heap   total 466944K, used 110188K [0x0000000504800000, 0x0000000800000000)
  region size 8192K, 4 young (32768K), 4 survivors (32768K)
 Metaspace       used 96243K, committed 96832K, reserved 1179648K
  class space    used 11578K, committed 11904K, reserved 1048576K
}
Event: 8.494 GC heap before
{Heap before GC invocations=29 (full 0):
 garbage-first heap   total 466944K, used 208492K [0x0000000504800000, 0x0000000800000000)
  region size 8192K, 17 young (139264K), 4 survivors (32768K)
 Metaspace       used 101160K, committed 101696K, reserved 1179648K
  class space    used 12213K, committed 12480K, reserved 1048576K
}
Event: 8.500 GC heap after
{Heap after GC invocations=30 (full 0):
 garbage-first heap   total 466944K, used 116615K [0x0000000504800000, 0x0000000800000000)
  region size 8192K, 3 young (24576K), 3 survivors (24576K)
 Metaspace       used 101160K, committed 101696K, reserved 1179648K
  class space    used 12213K, committed 12480K, reserved 1048576K
}

